<?xml version="1.0" encoding="UTF-8"?>
<!-- Generated by org.testng.reporters.JUnitXMLReporter -->
<testsuite ignored="13" hostname="DESKTOP-V7K5OR1" failures="1" tests="2" name="Add Stock Test" time="0.046" errors="0" timestamp="2025-02-16T17:28:42 IST">
  <testcase classname="testbase.BaseTest" name="@BeforeTest beforeTest" time="0.013">
    <failure type="java.lang.NumberFormatException" message="Cannot parse null string">
      <![CDATA[java.lang.NumberFormatException: Cannot parse null string
at java.base/java.lang.Integer.parseInt(Integer.java:630)
at java.base/java.lang.Integer.parseInt(Integer.java:786)
at testbase.BaseTest.beforeTest(BaseTest.java:38)
at runner.TestNGRunner.run(TestNGRunner.java:32)
at runner.Runner.main(Runner.java:32)
... Removed 21 stack frames]]>
    </failure>
  </testcase> <!-- @BeforeTest beforeTest -->
  <testcase classname="testbase.BaseTest" name="@BeforeMethod beforeMethod" time="-1.739707122642E9">
    <skipped/>
  </testcase> <!-- @BeforeMethod beforeMethod -->
  <testcase classname="testbase.BaseTest" name="@AfterTest afterTest" time="-1.739707122647E9">
    <skipped/>
  </testcase> <!-- @AfterTest afterTest -->
  <testcase classname="testCases.SessionTest" name="doLogin" time="0.0">
    <skipped/>
  </testcase> <!-- doLogin -->
  <testcase classname="testCases.SessionTest" name="doLogin" time="0.009">
    <failure type="java.lang.NullPointerException" message="Cannot invoke &amp;quot;com.aventstack.extentreports.ExtentTest.skip(String)&amp;quot; because &amp;quot;test&amp;quot; is null">
      <![CDATA[java.lang.NullPointerException: Cannot invoke "com.aventstack.extentreports.ExtentTest.skip(String)" because "test" is null
at listner.MyTestngListner.onTestSkipped(MyTestngListner.java:25)
at java.base/java.util.ArrayList.forEach(ArrayList.java:1511)
at runner.TestNGRunner.run(TestNGRunner.java:32)
at runner.Runner.main(Runner.java:32)
... Removed 22 stack frames]]>
    </failure>
  </testcase> <!-- doLogin -->
  <testcase classname="testCases.PortfolioTest" name="createPortfolio" time="0.0">
    <ignored/>
  </testcase> <!-- createPortfolio -->
  <testcase classname="testCases.SessionTest" name="doLogout2" time="0.0">
    <ignored/>
  </testcase> <!-- doLogout2 -->
  <testcase classname="testCases.SessionTest" name="doLogout" time="0.0">
    <ignored/>
  </testcase> <!-- doLogout -->
  <testcase classname="testCases.StockTest" name="verifyStockQuantity" time="0.0">
    <ignored/>
  </testcase> <!-- verifyStockQuantity -->
  <testcase classname="testCases.StockTest" name="verifyStockQuantity" time="0.0">
    <ignored/>
  </testcase> <!-- verifyStockQuantity -->
  <testcase classname="testCases.StockTest" name="modifyStock" time="0.0">
    <ignored/>
  </testcase> <!-- modifyStock -->
  <testcase classname="testbase.BaseTest" name="@AfterTest afterTest" time="0.0">
    <ignored/>
  </testcase> <!-- @AfterTest afterTest -->
  <testcase classname="testbase.BaseTest" name="@AfterTest afterTest" time="0.0">
    <ignored/>
  </testcase> <!-- @AfterTest afterTest -->
  <testcase classname="testCases.StockTest" name="addStock" time="0.0">
    <ignored/>
  </testcase> <!-- addStock -->
  <testcase classname="testbase.BaseTest" name="@BeforeTest beforeTest" time="0.0">
    <ignored/>
  </testcase> <!-- @BeforeTest beforeTest -->
  <testcase classname="testbase.BaseTest" name="@BeforeTest beforeTest" time="0.0">
    <ignored/>
  </testcase> <!-- @BeforeTest beforeTest -->
  <testcase classname="testCases.SessionTest" name="openUp" time="0.0">
    <ignored/>
  </testcase> <!-- openUp -->
  <testcase classname="testCases.PortfolioTest" name="deletePortfolio" time="0.0">
    <ignored/>
  </testcase> <!-- deletePortfolio -->
</testsuite> <!-- Add Stock Test -->
