<?xml version="1.0" encoding="UTF-8"?>
<!-- Generated by org.testng.reporters.JUnitXMLReporter -->
<testsuite ignored="8" hostname="DESKTOP-V7K5OR1" failures="0" tests="7" name="Manage Stocks : Add Stocks in existying Company in Portfolio 1" time="203.884" errors="0" timestamp="2025-03-02T19:13:01 IST">
  <testcase classname="testCases.SessionTest" name="openUp" time="3.978"/>
  <testcase classname="testCases.SessionTest" name="doLogin" time="31.917"/>
  <testcase classname="testCases.PortfolioTest" name="selectPortfolio" time="6.863"/>
  <testcase classname="testCases.StockTest" name="verifyStockIsPresent" time="30.098"/>
  <testcase classname="testCases.StockTest" name="modifyStock" time="68.08"/>
  <testcase classname="testCases.StockTest" name="verifyStockQuantity" time="30.167"/>
  <testcase classname="testCases.StockTest" name="verifyTransactionHistory" time="32.417"/>
  <testcase classname="testbase.BaseTest" name="@AfterTest afterTest" time="0.0">
    <ignored/>
  </testcase> <!-- @AfterTest afterTest -->
  <testcase classname="testbase.BaseTest" name="@AfterTest afterTest" time="0.0">
    <ignored/>
  </testcase> <!-- @AfterTest afterTest -->
  <testcase classname="testCases.PortfolioTest" name="createPortfolio" time="0.0">
    <ignored/>
  </testcase> <!-- createPortfolio -->
  <testcase classname="testCases.StockTest" name="addStock" time="0.0">
    <ignored/>
  </testcase> <!-- addStock -->
  <testcase classname="testCases.SessionTest" name="doLogout" time="0.0">
    <ignored/>
  </testcase> <!-- doLogout -->
  <testcase classname="testbase.BaseTest" name="@BeforeTest beforeTest" time="0.0">
    <ignored/>
  </testcase> <!-- @BeforeTest beforeTest -->
  <testcase classname="testbase.BaseTest" name="@BeforeTest beforeTest" time="0.0">
    <ignored/>
  </testcase> <!-- @BeforeTest beforeTest -->
  <testcase classname="testCases.PortfolioTest" name="deletePortfolio" time="0.0">
    <ignored/>
  </testcase> <!-- deletePortfolio -->
</testsuite> <!-- Manage Stocks : Add Stocks in existying Company in Portfolio 1 -->
