<?xml version="1.0" encoding="UTF-8"?>
<!-- Generated by org.testng.reporters.JUnitXMLReporter -->
<testsuite ignored="9" hostname="DESKTOP-V7K5OR1" failures="0" tests="6" name="Manage Stocks : Add Stocks in Portfolio 2" time="268.066" errors="0" timestamp="2025-03-02T19:04:29 IST">
  <testcase classname="testCases.SessionTest" name="openUp" time="69.166"/>
  <testcase classname="testCases.SessionTest" name="doLogin" time="40.0"/>
  <testcase classname="testCases.PortfolioTest" name="selectPortfolio" time="53.094"/>
  <testcase classname="testCases.StockTest" name="addStock" time="42.548"/>
  <testcase classname="testCases.StockTest" name="verifyStockIsPresent" time="30.228"/>
  <testcase classname="testCases.StockTest" name="verifyTransactionHistory" time="32.489"/>
  <testcase classname="testCases.StockTest" name="verifyStockQuantity" time="0.0">
    <ignored/>
  </testcase> <!-- verifyStockQuantity -->
  <testcase classname="testCases.StockTest" name="modifyStock" time="0.0">
    <ignored/>
  </testcase> <!-- modifyStock -->
  <testcase classname="testbase.BaseTest" name="@AfterTest afterTest" time="0.0">
    <ignored/>
  </testcase> <!-- @AfterTest afterTest -->
  <testcase classname="testbase.BaseTest" name="@AfterTest afterTest" time="0.0">
    <ignored/>
  </testcase> <!-- @AfterTest afterTest -->
  <testcase classname="testCases.PortfolioTest" name="createPortfolio" time="0.0">
    <ignored/>
  </testcase> <!-- createPortfolio -->
  <testcase classname="testCases.SessionTest" name="doLogout" time="0.0">
    <ignored/>
  </testcase> <!-- doLogout -->
  <testcase classname="testbase.BaseTest" name="@BeforeTest beforeTest" time="0.0">
    <ignored/>
  </testcase> <!-- @BeforeTest beforeTest -->
  <testcase classname="testbase.BaseTest" name="@BeforeTest beforeTest" time="0.0">
    <ignored/>
  </testcase> <!-- @BeforeTest beforeTest -->
  <testcase classname="testCases.PortfolioTest" name="deletePortfolio" time="0.0">
    <ignored/>
  </testcase> <!-- deletePortfolio -->
</testsuite> <!-- Manage Stocks : Add Stocks in Portfolio 2 -->
