<?xml version="1.0" encoding="UTF-8"?>
<!-- Generated by org.testng.reporters.JUnitXMLReporter -->
<testsuite ignored="5" hostname="DESKTOP-V7K5OR1" failures="0" tests="1" name="Manage Portfolio Suite : Delete Portfolio Method 2" time="38.842" errors="0" timestamp="2025-07-01T22:51:45 IST">
  <testcase classname="testCases.SessionTest" name="openUp" time="6.646"/>
  <testcase classname="testCases.PortfolioTest" name="createPortfolio" time="0.0">
    <ignored/>
  </testcase> <!-- createPortfolio -->
  <testcase classname="testCases.SessionTest" name="doLogout" time="0.0">
    <ignored/>
  </testcase> <!-- doLogout -->
  <testcase classname="testCases.PortfolioTest" name="selectPortfolio" time="0.0">
    <ignored/>
  </testcase> <!-- selectPortfolio -->
  <testcase classname="testbase.BaseTest" name="@AfterTest afterTest" time="0.0">
    <ignored/>
  </testcase> <!-- @AfterTest afterTest -->
  <testcase classname="testbase.BaseTest" name="@BeforeTest beforeTest" time="0.0">
    <ignored/>
  </testcase> <!-- @BeforeTest beforeTest -->
</testsuite> <!-- Manage Portfolio Suite : Delete Portfolio Method 2 -->
