<?xml version="1.0" encoding="UTF-8"?>
<!-- Generated by org.testng.reporters.JUnitXMLReporter -->
<testsuite ignored="5" hostname="DESKTOP-V7K5OR1" failures="0" tests="3" name="Manage Portfolio Suite : Create Portfolio Method 4" time="123.181" errors="0" timestamp="2025-03-02T18:55:03 IST">
  <testcase classname="testCases.SessionTest" name="openUp" time="52.461"/>
  <testcase classname="testCases.SessionTest" name="doLogin" time="35.083"/>
  <testcase classname="testCases.PortfolioTest" name="createPortfolio" time="35.281"/>
  <testcase classname="testbase.BaseTest" name="@AfterTest afterTest" time="0.0">
    <ignored/>
  </testcase> <!-- @AfterTest afterTest -->
  <testcase classname="testCases.SessionTest" name="doLogout" time="0.0">
    <ignored/>
  </testcase> <!-- doLogout -->
  <testcase classname="testCases.PortfolioTest" name="selectPortfolio" time="0.0">
    <ignored/>
  </testcase> <!-- selectPortfolio -->
  <testcase classname="testbase.BaseTest" name="@BeforeTest beforeTest" time="0.0">
    <ignored/>
  </testcase> <!-- @BeforeTest beforeTest -->
  <testcase classname="testCases.PortfolioTest" name="deletePortfolio" time="0.0">
    <ignored/>
  </testcase> <!-- deletePortfolio -->
</testsuite> <!-- Manage Portfolio Suite : Create Portfolio Method 4 -->
