<?xml version="1.0" encoding="UTF-8"?>
<!-- Generated by org.testng.reporters.JUnitXMLReporter -->
<testsuite ignored="5" hostname="DESKTOP-V7K5OR1" failures="0" tests="3" name="Manage Portfolio Suite : Create Portfolio Method 2" time="0.043" errors="0" timestamp="2025-07-01T22:51:06 IST">
  <testcase classname="testCases.SessionTest" name="openUp" time="0.0">
    <skipped/>
  </testcase> <!-- openUp -->
  <testcase classname="testCases.SessionTest" name="doLogin" time="0.0">
    <skipped/>
  </testcase> <!-- doLogin -->
  <testcase classname="testCases.PortfolioTest" name="createPortfolio" time="0.0">
    <skipped/>
  </testcase> <!-- createPortfolio -->
  <testcase classname="testCases.PortfolioTest" name="selectPortfolio" time="0.0">
    <ignored/>
  </testcase> <!-- selectPortfolio -->
  <testcase classname="testbase.BaseTest" name="@BeforeTest beforeTest" time="0.0">
    <ignored/>
  </testcase> <!-- @BeforeTest beforeTest -->
  <testcase classname="testCases.PortfolioTest" name="deletePortfolio" time="0.0">
    <ignored/>
  </testcase> <!-- deletePortfolio -->
  <testcase classname="testbase.BaseTest" name="@AfterTest afterTest" time="0.0">
    <ignored/>
  </testcase> <!-- @AfterTest afterTest -->
  <testcase classname="testCases.SessionTest" name="doLogout" time="0.0">
    <ignored/>
  </testcase> <!-- doLogout -->
</testsuite> <!-- Manage Portfolio Suite : Create Portfolio Method 2 -->
