<?xml version="1.0" encoding="UTF-8"?>
<!-- Generated by org.testng.reporters.JUnitXMLReporter -->
<testsuite ignored="5" hostname="DESKTOP-V7K5OR1" failures="0" tests="3" name="Manage Portfolio Suite : Delete Portfolio Method 1" time="70.391" errors="0" timestamp="2025-02-16T19:55:41 IST">
  <testcase classname="testCases.SessionTest" name="openUp" time="26.973"/>
  <testcase classname="testCases.SessionTest" name="doLogin" time="32.84"/>
  <testcase classname="testCases.PortfolioTest" name="deletePortfolio" time="9.048"/>
  <testcase classname="testbase.BaseTest" name="@AfterTest afterTest" time="0.0">
    <ignored/>
  </testcase> <!-- @AfterTest afterTest -->
  <testcase classname="testCases.PortfolioTest" name="createPortfolio" time="0.0">
    <ignored/>
  </testcase> <!-- createPortfolio -->
  <testcase classname="testCases.SessionTest" name="doLogout" time="0.0">
    <ignored/>
  </testcase> <!-- doLogout -->
  <testcase classname="testCases.PortfolioTest" name="selectPortfolio" time="0.0">
    <ignored/>
  </testcase> <!-- selectPortfolio -->
  <testcase classname="testbase.BaseTest" name="@BeforeTest beforeTest" time="0.0">
    <ignored/>
  </testcase> <!-- @BeforeTest beforeTest -->
</testsuite> <!-- Manage Portfolio Suite : Delete Portfolio Method 1 -->
