<?xml version="1.0" encoding="UTF-8"?>
<!-- Generated by org.testng.reporters.JUnitXMLReporter -->
<testsuite ignored="5" hostname="DESKTOP-V7K5OR1" failures="1" tests="3" name="Manage Portfolio Suite : Create Portfolio Method 1" time="42.691" errors="0" timestamp="2025-02-16T18:56:15 IST">
  <testcase classname="testbase.BaseTest" name="@AfterMethod afterMethod" time="0.0">
    <failure type="java.lang.AssertionError" message="The following asserts failed:
	Entered port100 is not availble in Portfolio List">
      <![CDATA[java.lang.AssertionError: The following asserts failed:
Entered port100 is not availble in Portfolio List
at Keywords.GenericKeywords.reportAll(GenericKeywords.java:167)
at testbase.BaseTest.afterMethod(BaseTest.java:87)
at java.base/java.util.ArrayList.forEach(ArrayList.java:1511)
at runner.TestNGRunner.run(TestNGRunner.java:32)
at runner.JSONRunner.main(JSONRunner.java:125)
... Removed 31 stack frames]]>
    </failure>
  </testcase> <!-- @AfterMethod afterMethod -->
  <testcase classname="testCases.SessionTest" name="openUp" time="5.869"/>
  <testcase classname="testCases.SessionTest" name="doLogin" time="31.596"/>
  <testcase classname="testCases.PortfolioTest" name="createPortfolio" time="3.979">
    <failure type="java.lang.AssertionError" message="The following asserts failed:
	Entered port100 is not availble in Portfolio List">
      <![CDATA[java.lang.AssertionError: The following asserts failed:
Entered port100 is not availble in Portfolio List
at Keywords.GenericKeywords.reportAll(GenericKeywords.java:167)
at Keywords.GenericKeywords.reportFailure(GenericKeywords.java:158)
at Keywords.ValidationKeywords.validateSelectedValueInDropDown(ValidationKeywords.java:33)
at testCases.PortfolioTest.createPortfolio(PortfolioTest.java:22)
at java.base/java.util.ArrayList.forEach(ArrayList.java:1511)
at runner.TestNGRunner.run(TestNGRunner.java:32)
at runner.JSONRunner.main(JSONRunner.java:125)
... Removed 26 stack frames]]>
    </failure>
  </testcase> <!-- createPortfolio -->
  <testcase classname="testbase.BaseTest" name="@AfterTest afterTest" time="0.0">
    <ignored/>
  </testcase> <!-- @AfterTest afterTest -->
  <testcase classname="testCases.SessionTest" name="doLogout" time="0.0">
    <ignored/>
  </testcase> <!-- doLogout -->
  <testcase classname="testCases.PortfolioTest" name="selectPortfolio" time="0.0">
    <ignored/>
  </testcase> <!-- selectPortfolio -->
  <testcase classname="testbase.BaseTest" name="@BeforeTest beforeTest" time="0.0">
    <ignored/>
  </testcase> <!-- @BeforeTest beforeTest -->
  <testcase classname="testCases.PortfolioTest" name="deletePortfolio" time="0.0">
    <ignored/>
  </testcase> <!-- deletePortfolio -->
</testsuite> <!-- Manage Portfolio Suite : Create Portfolio Method 1 -->
