<?xml version="1.0" encoding="UTF-8"?>
<testng-results ignored="15" total="24" passed="3" failed="0" skipped="6">
  <reporter-output>
  </reporter-output>
  <suite started-at="2025-02-16T19:54:30 IST" name="Manage Portfolio Suite" finished-at="2025-02-16T19:55:41 IST" duration-ms="70435">
    <groups>
    </groups>
    <test started-at="2025-02-16T19:54:30 IST" name="Manage Portfolio Suite : Delete Portfolio Method 1" finished-at="2025-02-16T19:55:41 IST" duration-ms="70391">
      <class name="testCases.PortfolioTest">
        <test-method is-config="true" signature="beforeMethod(org.testng.ITestContext)[pri:0, instance:testCases.PortfolioTest@27f723]" started-at="2025-02-16T19:55:30 IST" name="beforeMethod" finished-at="2025-02-16T19:55:30 IST" duration-ms="0" status="PASS">
          <params>
            <param index="0">
              <value>
                <![CDATA[org.testng.TestRunner@35c09b94]]>
              </value>
            </param>
          </params>
          <reporter-output>
          </reporter-output>
        </test-method> <!-- beforeMethod -->
        <test-method signature="deletePortfolio(org.testng.ITestContext)[pri:0, instance:testCases.PortfolioTest@27f723]" started-at="2025-02-16T19:55:30 IST" name="deletePortfolio" finished-at="2025-02-16T19:55:40 IST" duration-ms="9048" status="PASS">
          <params>
            <param index="0">
              <value>
                <![CDATA[org.testng.TestRunner@35c09b94]]>
              </value>
            </param>
          </params>
          <reporter-output>
          </reporter-output>
        </test-method> <!-- deletePortfolio -->
        <test-method is-config="true" signature="afterMethod(org.testng.ITestContext)[pri:0, instance:testCases.PortfolioTest@27f723]" started-at="2025-02-16T19:55:40 IST" name="afterMethod" finished-at="2025-02-16T19:55:40 IST" duration-ms="0" status="PASS">
          <params>
            <param index="0">
              <value>
                <![CDATA[org.testng.TestRunner@35c09b94]]>
              </value>
            </param>
          </params>
          <reporter-output>
          </reporter-output>
        </test-method> <!-- afterMethod -->
      </class> <!-- testCases.PortfolioTest -->
      <class name="testCases.SessionTest">
        <test-method is-config="true" signature="beforeTest(org.testng.ITestContext)[pri:0, instance:testCases.SessionTest@42d8062c]" started-at="2025-02-16T19:54:30 IST" name="beforeTest" finished-at="2025-02-16T19:54:31 IST" duration-ms="440" status="PASS">
          <params>
            <param index="0">
              <value>
                <![CDATA[org.testng.TestRunner@35c09b94]]>
              </value>
            </param>
          </params>
          <reporter-output>
          </reporter-output>
        </test-method> <!-- beforeTest -->
        <test-method is-config="true" signature="beforeMethod(org.testng.ITestContext)[pri:0, instance:testCases.SessionTest@42d8062c]" started-at="2025-02-16T19:54:31 IST" name="beforeMethod" finished-at="2025-02-16T19:54:31 IST" duration-ms="0" status="PASS">
          <params>
            <param index="0">
              <value>
                <![CDATA[org.testng.TestRunner@35c09b94]]>
              </value>
            </param>
          </params>
          <reporter-output>
          </reporter-output>
        </test-method> <!-- beforeMethod -->
        <test-method signature="openUp()[pri:0, instance:testCases.SessionTest@42d8062c]" started-at="2025-02-16T19:54:31 IST" name="openUp" finished-at="2025-02-16T19:54:58 IST" duration-ms="26973" status="PASS">
          <reporter-output>
          </reporter-output>
        </test-method> <!-- openUp -->
        <test-method is-config="true" signature="afterMethod(org.testng.ITestContext)[pri:0, instance:testCases.SessionTest@42d8062c]" started-at="2025-02-16T19:54:58 IST" name="afterMethod" finished-at="2025-02-16T19:54:58 IST" duration-ms="1" status="PASS">
          <params>
            <param index="0">
              <value>
                <![CDATA[org.testng.TestRunner@35c09b94]]>
              </value>
            </param>
          </params>
          <reporter-output>
          </reporter-output>
        </test-method> <!-- afterMethod -->
        <test-method is-config="true" signature="beforeMethod(org.testng.ITestContext)[pri:0, instance:testCases.SessionTest@42d8062c]" started-at="2025-02-16T19:54:58 IST" name="beforeMethod" finished-at="2025-02-16T19:54:58 IST" duration-ms="0" status="PASS">
          <params>
            <param index="0">
              <value>
                <![CDATA[org.testng.TestRunner@35c09b94]]>
              </value>
            </param>
          </params>
          <reporter-output>
          </reporter-output>
        </test-method> <!-- beforeMethod -->
        <test-method signature="doLogin()[pri:0, instance:testCases.SessionTest@42d8062c]" started-at="2025-02-16T19:54:58 IST" name="doLogin" finished-at="2025-02-16T19:55:30 IST" duration-ms="32840" status="PASS">
          <reporter-output>
          </reporter-output>
        </test-method> <!-- doLogin -->
        <test-method is-config="true" signature="afterMethod(org.testng.ITestContext)[pri:0, instance:testCases.SessionTest@42d8062c]" started-at="2025-02-16T19:55:30 IST" name="afterMethod" finished-at="2025-02-16T19:55:30 IST" duration-ms="1" status="PASS">
          <params>
            <param index="0">
              <value>
                <![CDATA[org.testng.TestRunner@35c09b94]]>
              </value>
            </param>
          </params>
          <reporter-output>
          </reporter-output>
        </test-method> <!-- afterMethod -->
        <test-method is-config="true" signature="afterTest(org.testng.ITestContext)[pri:0, instance:testCases.SessionTest@42d8062c]" started-at="2025-02-16T19:55:40 IST" name="afterTest" finished-at="2025-02-16T19:55:41 IST" duration-ms="1041" status="PASS">
          <params>
            <param index="0">
              <value>
                <![CDATA[org.testng.TestRunner@35c09b94]]>
              </value>
            </param>
          </params>
          <reporter-output>
          </reporter-output>
        </test-method> <!-- afterTest -->
      </class> <!-- testCases.SessionTest -->
    </test> <!-- Manage Portfolio Suite : Delete Portfolio Method 1 -->
    <test started-at="2025-02-16T19:55:41 IST" name="Manage Portfolio Suite : Delete Portfolio Method 2" finished-at="2025-02-16T19:55:41 IST" duration-ms="3">
      <class name="testCases.PortfolioTest">
        <test-method is-config="true" signature="afterMethod(org.testng.ITestContext)[pri:0, instance:testCases.PortfolioTest@6ec8211c]" started-at="2025-02-16T19:55:41 IST" name="afterMethod" finished-at="1970-01-01T05:30:00 IST" duration-ms="-1739715941107" status="SKIP">
          <reporter-output>
          </reporter-output>
        </test-method> <!-- afterMethod -->
        <test-method is-config="true" signature="beforeMethod(org.testng.ITestContext)[pri:0, instance:testCases.PortfolioTest@6ec8211c]" started-at="2025-02-16T19:55:41 IST" name="beforeMethod" finished-at="1970-01-01T05:30:00 IST" duration-ms="-1739715941107" status="SKIP">
          <reporter-output>
          </reporter-output>
        </test-method> <!-- beforeMethod -->
        <test-method signature="deletePortfolio(org.testng.ITestContext)[pri:0, instance:testCases.PortfolioTest@6ec8211c]" started-at="2025-02-16T19:55:41 IST" name="deletePortfolio" finished-at="2025-02-16T19:55:41 IST" duration-ms="0" status="SKIP">
          <params>
            <param index="0">
              <value>
                <![CDATA[org.testng.TestRunner@6f8f8a80]]>
              </value>
            </param>
          </params>
          <reporter-output>
          </reporter-output>
        </test-method> <!-- deletePortfolio -->
      </class> <!-- testCases.PortfolioTest -->
      <class name="testCases.SessionTest">
        <test-method is-config="true" signature="beforeTest(org.testng.ITestContext)[pri:0, instance:testCases.SessionTest@25bbf683]" started-at="2025-02-16T19:55:41 IST" name="beforeTest" finished-at="2025-02-16T19:55:41 IST" duration-ms="0" status="SKIP">
          <params>
            <param index="0">
              <value>
                <![CDATA[org.testng.TestRunner@6f8f8a80]]>
              </value>
            </param>
          </params>
          <exception class="org.testng.SkipException">
            <message>
              <![CDATA[RunMode in Test Data is not True]]>
            </message>
            <full-stacktrace>
              <![CDATA[org.testng.SkipException: RunMode in Test Data is not True
at testbase.BaseTest.beforeTest(BaseTest.java:67)
at java.base/jdk.internal.reflect.NativeMethodAccessorImpl.invoke0(Native Method)
at java.base/jdk.internal.reflect.NativeMethodAccessorImpl.invoke(NativeMethodAccessorImpl.java:77)
at java.base/jdk.internal.reflect.DelegatingMethodAccessorImpl.invoke(DelegatingMethodAccessorImpl.java:43)
at java.base/java.lang.reflect.Method.invoke(Method.java:568)
at org.testng.internal.MethodInvocationHelper.invokeMethod(MethodInvocationHelper.java:133)
at org.testng.internal.MethodInvocationHelper.invokeMethodConsideringTimeout(MethodInvocationHelper.java:62)
at org.testng.internal.ConfigInvoker.invokeConfigurationMethod(ConfigInvoker.java:385)
at org.testng.internal.ConfigInvoker.invokeConfigurations(ConfigInvoker.java:321)
at org.testng.TestRunner.invokeTestConfigurations(TestRunner.java:637)
at org.testng.TestRunner.beforeRun(TestRunner.java:627)
at org.testng.TestRunner.run(TestRunner.java:589)
at org.testng.SuiteRunner.runTest(SuiteRunner.java:377)
at org.testng.SuiteRunner.runSequentially(SuiteRunner.java:371)
at org.testng.SuiteRunner.privateRun(SuiteRunner.java:332)
at org.testng.SuiteRunner.run(SuiteRunner.java:276)
at org.testng.SuiteRunnerWorker.runSuite(SuiteRunnerWorker.java:53)
at org.testng.SuiteRunnerWorker.run(SuiteRunnerWorker.java:96)
at org.testng.TestNG.runSuitesSequentially(TestNG.java:1212)
at org.testng.TestNG.runSuitesLocally(TestNG.java:1134)
at org.testng.TestNG.runSuites(TestNG.java:1063)
at org.testng.TestNG.run(TestNG.java:1031)
at runner.TestNGRunner.run(TestNGRunner.java:32)
at runner.JSONRunner.main(JSONRunner.java:128)
]]>
            </full-stacktrace>
          </exception> <!-- org.testng.SkipException -->
          <reporter-output>
          </reporter-output>
        </test-method> <!-- beforeTest -->
        <test-method signature="doLogin()[pri:0, instance:testCases.SessionTest@25bbf683]" started-at="2025-02-16T19:55:41 IST" name="doLogin" finished-at="2025-02-16T19:55:41 IST" duration-ms="0" status="SKIP">
          <reporter-output>
          </reporter-output>
        </test-method> <!-- doLogin -->
        <test-method is-config="true" signature="beforeMethod(org.testng.ITestContext)[pri:0, instance:testCases.SessionTest@25bbf683]" started-at="2025-02-16T19:55:41 IST" name="beforeMethod" finished-at="1970-01-01T05:30:00 IST" duration-ms="-1739715941107" status="SKIP">
          <reporter-output>
          </reporter-output>
        </test-method> <!-- beforeMethod -->
        <test-method signature="openUp()[pri:0, instance:testCases.SessionTest@25bbf683]" started-at="2025-02-16T19:55:41 IST" name="openUp" finished-at="2025-02-16T19:55:41 IST" duration-ms="0" status="SKIP">
          <reporter-output>
          </reporter-output>
        </test-method> <!-- openUp -->
        <test-method is-config="true" signature="afterTest(org.testng.ITestContext)[pri:0, instance:testCases.SessionTest@25bbf683]" started-at="2025-02-16T19:55:41 IST" name="afterTest" finished-at="1970-01-01T05:30:00 IST" duration-ms="-1739715941107" status="SKIP">
          <reporter-output>
          </reporter-output>
        </test-method> <!-- afterTest -->
        <test-method is-config="true" signature="beforeMethod(org.testng.ITestContext)[pri:0, instance:testCases.SessionTest@25bbf683]" started-at="2025-02-16T19:55:41 IST" name="beforeMethod" finished-at="1970-01-01T05:30:00 IST" duration-ms="-1739715941107" status="SKIP">
          <reporter-output>
          </reporter-output>
        </test-method> <!-- beforeMethod -->
        <test-method is-config="true" signature="afterMethod(org.testng.ITestContext)[pri:0, instance:testCases.SessionTest@25bbf683]" started-at="2025-02-16T19:55:41 IST" name="afterMethod" finished-at="1970-01-01T05:30:00 IST" duration-ms="-1739715941107" status="SKIP">
          <reporter-output>
          </reporter-output>
        </test-method> <!-- afterMethod -->
        <test-method is-config="true" signature="afterMethod(org.testng.ITestContext)[pri:0, instance:testCases.SessionTest@25bbf683]" started-at="2025-02-16T19:55:41 IST" name="afterMethod" finished-at="1970-01-01T05:30:00 IST" duration-ms="-1739715941107" status="SKIP">
          <reporter-output>
          </reporter-output>
        </test-method> <!-- afterMethod -->
      </class> <!-- testCases.SessionTest -->
    </test> <!-- Manage Portfolio Suite : Delete Portfolio Method 2 -->
    <test started-at="2025-02-16T19:55:41 IST" name="Manage Portfolio Suite : Delete Portfolio Method 3" finished-at="2025-02-16T19:55:41 IST" duration-ms="3">
      <class name="testCases.PortfolioTest">
        <test-method is-config="true" signature="afterMethod(org.testng.ITestContext)[pri:0, instance:testCases.PortfolioTest@4524411f]" started-at="2025-02-16T19:55:41 IST" name="afterMethod" finished-at="1970-01-01T05:30:00 IST" duration-ms="-1739715941123" status="SKIP">
          <reporter-output>
          </reporter-output>
        </test-method> <!-- afterMethod -->
        <test-method is-config="true" signature="beforeMethod(org.testng.ITestContext)[pri:0, instance:testCases.PortfolioTest@4524411f]" started-at="2025-02-16T19:55:41 IST" name="beforeMethod" finished-at="1970-01-01T05:30:00 IST" duration-ms="-1739715941123" status="SKIP">
          <reporter-output>
          </reporter-output>
        </test-method> <!-- beforeMethod -->
        <test-method signature="deletePortfolio(org.testng.ITestContext)[pri:0, instance:testCases.PortfolioTest@4524411f]" started-at="2025-02-16T19:55:41 IST" name="deletePortfolio" finished-at="2025-02-16T19:55:41 IST" duration-ms="0" status="SKIP">
          <params>
            <param index="0">
              <value>
                <![CDATA[org.testng.TestRunner@695a69a1]]>
              </value>
            </param>
          </params>
          <reporter-output>
          </reporter-output>
        </test-method> <!-- deletePortfolio -->
      </class> <!-- testCases.PortfolioTest -->
      <class name="testCases.SessionTest">
        <test-method is-config="true" signature="beforeTest(org.testng.ITestContext)[pri:0, instance:testCases.SessionTest@150c158]" started-at="2025-02-16T19:55:41 IST" name="beforeTest" finished-at="2025-02-16T19:55:41 IST" duration-ms="3" status="SKIP">
          <params>
            <param index="0">
              <value>
                <![CDATA[org.testng.TestRunner@695a69a1]]>
              </value>
            </param>
          </params>
          <exception class="org.testng.SkipException">
            <message>
              <![CDATA[RunMode in Test Data is not True]]>
            </message>
            <full-stacktrace>
              <![CDATA[org.testng.SkipException: RunMode in Test Data is not True
at testbase.BaseTest.beforeTest(BaseTest.java:67)
at java.base/jdk.internal.reflect.NativeMethodAccessorImpl.invoke0(Native Method)
at java.base/jdk.internal.reflect.NativeMethodAccessorImpl.invoke(NativeMethodAccessorImpl.java:77)
at java.base/jdk.internal.reflect.DelegatingMethodAccessorImpl.invoke(DelegatingMethodAccessorImpl.java:43)
at java.base/java.lang.reflect.Method.invoke(Method.java:568)
at org.testng.internal.MethodInvocationHelper.invokeMethod(MethodInvocationHelper.java:133)
at org.testng.internal.MethodInvocationHelper.invokeMethodConsideringTimeout(MethodInvocationHelper.java:62)
at org.testng.internal.ConfigInvoker.invokeConfigurationMethod(ConfigInvoker.java:385)
at org.testng.internal.ConfigInvoker.invokeConfigurations(ConfigInvoker.java:321)
at org.testng.TestRunner.invokeTestConfigurations(TestRunner.java:637)
at org.testng.TestRunner.beforeRun(TestRunner.java:627)
at org.testng.TestRunner.run(TestRunner.java:589)
at org.testng.SuiteRunner.runTest(SuiteRunner.java:377)
at org.testng.SuiteRunner.runSequentially(SuiteRunner.java:371)
at org.testng.SuiteRunner.privateRun(SuiteRunner.java:332)
at org.testng.SuiteRunner.run(SuiteRunner.java:276)
at org.testng.SuiteRunnerWorker.runSuite(SuiteRunnerWorker.java:53)
at org.testng.SuiteRunnerWorker.run(SuiteRunnerWorker.java:96)
at org.testng.TestNG.runSuitesSequentially(TestNG.java:1212)
at org.testng.TestNG.runSuitesLocally(TestNG.java:1134)
at org.testng.TestNG.runSuites(TestNG.java:1063)
at org.testng.TestNG.run(TestNG.java:1031)
at runner.TestNGRunner.run(TestNGRunner.java:32)
at runner.JSONRunner.main(JSONRunner.java:128)
]]>
            </full-stacktrace>
          </exception> <!-- org.testng.SkipException -->
          <reporter-output>
          </reporter-output>
        </test-method> <!-- beforeTest -->
        <test-method is-config="true" signature="beforeMethod(org.testng.ITestContext)[pri:0, instance:testCases.SessionTest@150c158]" started-at="2025-02-16T19:55:41 IST" name="beforeMethod" finished-at="1970-01-01T05:30:00 IST" duration-ms="-1739715941123" status="SKIP">
          <reporter-output>
          </reporter-output>
        </test-method> <!-- beforeMethod -->
        <test-method is-config="true" signature="afterTest(org.testng.ITestContext)[pri:0, instance:testCases.SessionTest@150c158]" started-at="2025-02-16T19:55:41 IST" name="afterTest" finished-at="1970-01-01T05:30:00 IST" duration-ms="-1739715941123" status="SKIP">
          <reporter-output>
          </reporter-output>
        </test-method> <!-- afterTest -->
        <test-method is-config="true" signature="beforeMethod(org.testng.ITestContext)[pri:0, instance:testCases.SessionTest@150c158]" started-at="2025-02-16T19:55:41 IST" name="beforeMethod" finished-at="1970-01-01T05:30:00 IST" duration-ms="-1739715941123" status="SKIP">
          <reporter-output>
          </reporter-output>
        </test-method> <!-- beforeMethod -->
        <test-method is-config="true" signature="afterMethod(org.testng.ITestContext)[pri:0, instance:testCases.SessionTest@150c158]" started-at="2025-02-16T19:55:41 IST" name="afterMethod" finished-at="1970-01-01T05:30:00 IST" duration-ms="-1739715941123" status="SKIP">
          <reporter-output>
          </reporter-output>
        </test-method> <!-- afterMethod -->
        <test-method signature="openUp()[pri:0, instance:testCases.SessionTest@150c158]" started-at="2025-02-16T19:55:41 IST" name="openUp" finished-at="2025-02-16T19:55:41 IST" duration-ms="0" status="SKIP">
          <exception class="org.testng.SkipException">
            <message>
              <![CDATA[RunMode in Test Data is not True]]>
            </message>
            <full-stacktrace>
              <![CDATA[org.testng.SkipException: RunMode in Test Data is not True
at testbase.BaseTest.beforeTest(BaseTest.java:67)
at java.base/jdk.internal.reflect.NativeMethodAccessorImpl.invoke0(Native Method)
at java.base/jdk.internal.reflect.NativeMethodAccessorImpl.invoke(NativeMethodAccessorImpl.java:77)
at java.base/jdk.internal.reflect.DelegatingMethodAccessorImpl.invoke(DelegatingMethodAccessorImpl.java:43)
at java.base/java.lang.reflect.Method.invoke(Method.java:568)
at org.testng.internal.MethodInvocationHelper.invokeMethod(MethodInvocationHelper.java:133)
at org.testng.internal.MethodInvocationHelper.invokeMethodConsideringTimeout(MethodInvocationHelper.java:62)
at org.testng.internal.ConfigInvoker.invokeConfigurationMethod(ConfigInvoker.java:385)
at org.testng.internal.ConfigInvoker.invokeConfigurations(ConfigInvoker.java:321)
at org.testng.TestRunner.invokeTestConfigurations(TestRunner.java:637)
at org.testng.TestRunner.beforeRun(TestRunner.java:627)
at org.testng.TestRunner.run(TestRunner.java:589)
at org.testng.SuiteRunner.runTest(SuiteRunner.java:377)
at org.testng.SuiteRunner.runSequentially(SuiteRunner.java:371)
at org.testng.SuiteRunner.privateRun(SuiteRunner.java:332)
at org.testng.SuiteRunner.run(SuiteRunner.java:276)
at org.testng.SuiteRunnerWorker.runSuite(SuiteRunnerWorker.java:53)
at org.testng.SuiteRunnerWorker.run(SuiteRunnerWorker.java:96)
at org.testng.TestNG.runSuitesSequentially(TestNG.java:1212)
at org.testng.TestNG.runSuitesLocally(TestNG.java:1134)
at org.testng.TestNG.runSuites(TestNG.java:1063)
at org.testng.TestNG.run(TestNG.java:1031)
at runner.TestNGRunner.run(TestNGRunner.java:32)
at runner.JSONRunner.main(JSONRunner.java:128)
]]>
            </full-stacktrace>
          </exception> <!-- org.testng.SkipException -->
          <reporter-output>
          </reporter-output>
        </test-method> <!-- openUp -->
        <test-method is-config="true" signature="afterMethod(org.testng.ITestContext)[pri:0, instance:testCases.SessionTest@150c158]" started-at="2025-02-16T19:55:41 IST" name="afterMethod" finished-at="1970-01-01T05:30:00 IST" duration-ms="-1739715941123" status="SKIP">
          <reporter-output>
          </reporter-output>
        </test-method> <!-- afterMethod -->
        <test-method signature="doLogin()[pri:0, instance:testCases.SessionTest@150c158]" started-at="2025-02-16T19:55:41 IST" name="doLogin" finished-at="2025-02-16T19:55:41 IST" duration-ms="0" status="SKIP">
          <exception class="org.testng.SkipException">
            <message>
              <![CDATA[RunMode in Test Data is not True]]>
            </message>
            <full-stacktrace>
              <![CDATA[org.testng.SkipException: RunMode in Test Data is not True
at testbase.BaseTest.beforeTest(BaseTest.java:67)
at java.base/jdk.internal.reflect.NativeMethodAccessorImpl.invoke0(Native Method)
at java.base/jdk.internal.reflect.NativeMethodAccessorImpl.invoke(NativeMethodAccessorImpl.java:77)
at java.base/jdk.internal.reflect.DelegatingMethodAccessorImpl.invoke(DelegatingMethodAccessorImpl.java:43)
at java.base/java.lang.reflect.Method.invoke(Method.java:568)
at org.testng.internal.MethodInvocationHelper.invokeMethod(MethodInvocationHelper.java:133)
at org.testng.internal.MethodInvocationHelper.invokeMethodConsideringTimeout(MethodInvocationHelper.java:62)
at org.testng.internal.ConfigInvoker.invokeConfigurationMethod(ConfigInvoker.java:385)
at org.testng.internal.ConfigInvoker.invokeConfigurations(ConfigInvoker.java:321)
at org.testng.TestRunner.invokeTestConfigurations(TestRunner.java:637)
at org.testng.TestRunner.beforeRun(TestRunner.java:627)
at org.testng.TestRunner.run(TestRunner.java:589)
at org.testng.SuiteRunner.runTest(SuiteRunner.java:377)
at org.testng.SuiteRunner.runSequentially(SuiteRunner.java:371)
at org.testng.SuiteRunner.privateRun(SuiteRunner.java:332)
at org.testng.SuiteRunner.run(SuiteRunner.java:276)
at org.testng.SuiteRunnerWorker.runSuite(SuiteRunnerWorker.java:53)
at org.testng.SuiteRunnerWorker.run(SuiteRunnerWorker.java:96)
at org.testng.TestNG.runSuitesSequentially(TestNG.java:1212)
at org.testng.TestNG.runSuitesLocally(TestNG.java:1134)
at org.testng.TestNG.runSuites(TestNG.java:1063)
at org.testng.TestNG.run(TestNG.java:1031)
at runner.TestNGRunner.run(TestNGRunner.java:32)
at runner.JSONRunner.main(JSONRunner.java:128)
]]>
            </full-stacktrace>
          </exception> <!-- org.testng.SkipException -->
          <reporter-output>
          </reporter-output>
        </test-method> <!-- doLogin -->
      </class> <!-- testCases.SessionTest -->
    </test> <!-- Manage Portfolio Suite : Delete Portfolio Method 3 -->
  </suite> <!-- Manage Portfolio Suite -->
</testng-results>
